<?xml version="1.0" encoding="UTF-8"?>
<!-- Generated by org.testng.reporters.JUnitReportReporter -->
<testsuite hostname="LAPTOP-AAEVJ0N4" failures="0" tests="2" name="testcases.TC001_AccountRegistrationTest" time="5.743" errors="0" timestamp="2024-12-22T23:52:36 IST" skipped="0">
  <testcase classname="testcases.TC001_AccountRegistrationTest" name="verify_account_registration" time="3.234"/>
  <testcase classname="testcases.TC001_AccountRegistrationTest" name="verify_account_registration" time="2.509"/>
</testsuite> <!-- testcases.TC001_AccountRegistrationTest -->
