<?xml version="1.0" encoding="UTF-8"?>
<!-- Generated by org.testng.reporters.JUnitReportReporter -->
<testsuite hostname="LAPTOP-AAEVJ0N4" failures="0" tests="1" name="testcases.TC_001_AccountRegistrationTest" time="1.675" errors="0" timestamp="2024-12-28T17:02:05 IST" skipped="0">
  <testcase classname="testcases.TC_001_AccountRegistrationTest" name="verify_account_registration" time="1.675"/>
</testsuite> <!-- testcases.TC_001_AccountRegistrationTest -->
