<?xml version="1.0" encoding="UTF-8"?>
<!-- Generated by org.testng.reporters.JUnitReportReporter -->
<testsuite hostname="LAPTOP-AAEVJ0N4" failures="0" tests="1" name="testcases.TC_003_Search" time="10.796" errors="0" timestamp="2025-01-01T17:21:22 IST" skipped="0">
  <testcase classname="testcases.TC_003_Search" name="verify_search" time="10.796"/>
</testsuite> <!-- testcases.TC_003_Search -->
