<?xml version="1.0" encoding="UTF-8"?>
<!-- Generated by org.testng.reporters.JUnitReportReporter -->
<testsuite hostname="LAPTOP-AAEVJ0N4" failures="0" tests="1" name="testcases.TC_001_AccountRegistrationTest" time="2.151" errors="0" timestamp="2025-01-01T17:21:22 IST" skipped="0">
  <testcase classname="testcases.TC_001_AccountRegistrationTest" name="verify_account_registration" time="2.151"/>
</testsuite> <!-- testcases.TC_001_AccountRegistrationTest -->
