<?xml version="1.0" encoding="UTF-8"?>
<!-- Generated by org.testng.reporters.JUnitReportReporter -->
<testsuite hostname="LAPTOP-AAEVJ0N4" failures="0" tests="1" name="testcases.TC_003_Search" time="12.385" errors="0" timestamp="2025-01-02T22:48:07 IST" skipped="0">
  <testcase classname="testcases.TC_003_Search" name="verify_search" time="12.385"/>
</testsuite> <!-- testcases.TC_003_Search -->
