<?xml version="1.0" encoding="UTF-8"?>
<!-- Generated by org.testng.reporters.JUnitReportReporter -->
<testsuite hostname="LAPTOP-AAEVJ0N4" failures="0" tests="1" name="testcases.TC_002_LoginTest" time="56.277" errors="0" timestamp="2024-12-27T21:47:36 IST" skipped="0">
  <testcase classname="testcases.TC_002_LoginTest" name="verify_login" time="56.277"/>
</testsuite> <!-- testcases.TC_002_LoginTest -->
