<?xml version="1.0" encoding="UTF-8"?>
<!-- Generated by org.testng.reporters.JUnitReportReporter -->
<testsuite hostname="LAPTOP-AAEVJ0N4" failures="0" tests="1" name="testcases.TC_002_LoginTest" time="56.024" errors="0" timestamp="2024-12-28T17:10:51 IST" skipped="0">
  <testcase classname="testcases.TC_002_LoginTest" name="verify_login" time="56.024"/>
</testsuite> <!-- testcases.TC_002_LoginTest -->
