<?xml version="1.0" encoding="UTF-8"?>
<!-- Generated by org.testng.reporters.JUnitReportReporter -->
<testsuite hostname="LAPTOP-AAEVJ0N4" failures="0" tests="1" name="testcases.TC_001_AccountRegistrationTest" time="3.016" errors="0" timestamp="2024-12-27T21:47:36 IST" skipped="0">
  <testcase classname="testcases.TC_001_AccountRegistrationTest" name="verify_account_registration" time="3.016"/>
</testsuite> <!-- testcases.TC_001_AccountRegistrationTest -->
